<?xml version="1.0" encoding="UTF-8"?>
<!-- Generated by org.testng.reporters.JUnitReportReporter -->
<testsuite hostname="DESKTOP-5PL5PQ2" failures="0" tests="4" name="api.testcases.UserTest2" time="13.686" errors="0" timestamp="2024-05-04T19:13:15 IST" skipped="0">
  <testcase classname="api.testcases.UserTest2" name="testCreateUser" time="4.346"/>
  <system-out/>
  <testcase classname="api.testcases.UserTest2" name="testGetUserData" time="2.288"/>
  <system-out/>
  <testcase classname="api.testcases.UserTest2" name="testUpdateUser" time="4.910"/>
  <system-out/>
  <testcase classname="api.testcases.UserTest2" name="testDeleteUser" time="2.142"/>
  <system-out/>
</testsuite> <!-- api.testcases.UserTest2 -->
