<?xml version="1.0" encoding="UTF-8"?>
<!-- Generated by org.testng.reporters.JUnitReportReporter -->
<testsuite hostname="DESKTOP-5PL5PQ2" failures="0" tests="4" name="api.testcases.UserTest" time="13.077" errors="0" timestamp="2024-05-04T18:58:05 IST" skipped="0">
  <testcase classname="api.testcases.UserTest" name="testCreateUser" time="4.678"/>
  <system-out/>
  <testcase classname="api.testcases.UserTest" name="testGetUserData" time="1.876"/>
  <system-out/>
  <testcase classname="api.testcases.UserTest" name="testUpdateUser" time="4.490"/>
  <system-out/>
  <testcase classname="api.testcases.UserTest" name="testDeleteUser" time="2.033"/>
  <system-out/>
</testsuite> <!-- api.testcases.UserTest -->
