<?xml version="1.0" encoding="UTF-8"?>
<!-- Generated by org.testng.reporters.JUnitReportReporter -->
<testsuite hostname="DESKTOP-5PL5PQ2" failures="0" tests="12" name="api.testcases.UserTestDD" time="29.097" errors="0" timestamp="2024-05-04T19:10:07 IST" skipped="0">
  <testcase classname="api.testcases.UserTestDD" name="testCreateUser" time="2.245"/>
  <system-out/>
  <testcase classname="api.testcases.UserTestDD" name="testCreateUser" time="4.455"/>
  <system-out/>
  <testcase classname="api.testcases.UserTestDD" name="testCreateUser" time="2.137"/>
  <system-out/>
  <testcase classname="api.testcases.UserTestDD" name="testCreateUser" time="2.731"/>
  <system-out/>
  <testcase classname="api.testcases.UserTestDD" name="testGetUserData" time="1.975"/>
  <system-out/>
  <testcase classname="api.testcases.UserTestDD" name="testGetUserData" time="2.249"/>
  <system-out/>
  <testcase classname="api.testcases.UserTestDD" name="testGetUserData" time="2.456"/>
  <system-out/>
  <testcase classname="api.testcases.UserTestDD" name="testGetUserData" time="2.249"/>
  <system-out/>
  <testcase classname="api.testcases.UserTestDD" name="testDeleteUser" time="2.556"/>
  <system-out/>
  <testcase classname="api.testcases.UserTestDD" name="testDeleteUser" time="1.942"/>
  <system-out/>
  <testcase classname="api.testcases.UserTestDD" name="testDeleteUser" time="1.956"/>
  <system-out/>
  <testcase classname="api.testcases.UserTestDD" name="testDeleteUser" time="2.146"/>
  <system-out/>
</testsuite> <!-- api.testcases.UserTestDD -->
